2024-02-03 19:41:38.829 [info] Extension host with pid 10441 started
2024-02-03 19:41:38.829 [info] Skipping acquiring lock for /home/goddim/.config/Code/User/workspaceStorage/83940e97ae0d7653f86ac1db2041055b.
2024-02-03 19:41:39.105 [info] ExtensionService#_doActivateExtension vscode.git-base, startup: true, activationEvent: '*'
2024-02-03 19:41:39.222 [info] ExtensionService#_doActivateExtension vscode.github, startup: true, activationEvent: '*'
2024-02-03 19:41:39.513 [info] Eager extensions activated
2024-02-03 19:41:39.539 [info] ExtensionService#_doActivateExtension vscode.debug-auto-launch, startup: false, activationEvent: 'onStartupFinished'
2024-02-03 19:41:39.544 [info] ExtensionService#_doActivateExtension vscode.merge-conflict, startup: false, activationEvent: 'onStartupFinished'
2024-02-03 19:41:44.068 [info] ExtensionService#_doActivateExtension vscode.git, startup: false, activationEvent: 'api', root cause: vscode.github
2024-02-03 19:41:44.539 [info] ExtensionService#_doActivateExtension vscode.github-authentication, startup: false, activationEvent: 'onAuthenticationRequest:github'
2024-02-03 19:41:53.876 [warning] [Decorations] CAPPING events from decorations provider vscode.git 267
2024-02-03 19:41:58.929 [warning] [Decorations] CAPPING events from decorations provider vscode.git 269
2024-02-03 19:42:03.975 [warning] [Decorations] CAPPING events from decorations provider vscode.git 269
2024-02-03 19:42:09.026 [warning] [Decorations] CAPPING events from decorations provider vscode.git 269
2024-02-03 19:42:14.062 [warning] [Decorations] CAPPING events from decorations provider vscode.git 269
2024-02-03 19:42:19.104 [warning] [Decorations] CAPPING events from decorations provider vscode.git 269
2024-02-03 19:42:24.139 [warning] [Decorations] CAPPING events from decorations provider vscode.git 269
2024-02-03 19:42:29.216 [warning] [Decorations] CAPPING events from decorations provider vscode.git 281
2024-02-03 19:42:34.258 [warning] [Decorations] CAPPING events from decorations provider vscode.git 281
2024-02-03 19:42:41.704 [info] ExtensionService#_doActivateExtension vscode.emmet, startup: false, activationEvent: 'onLanguage'
2024-02-03 19:42:43.372 [warning] [Decorations] CAPPING events from decorations provider vscode.git 304
2024-02-03 19:42:48.408 [warning] [Decorations] CAPPING events from decorations provider vscode.git 304
2024-02-03 19:42:53.471 [warning] [Decorations] CAPPING events from decorations provider vscode.git 305
2024-02-03 19:42:58.517 [warning] [Decorations] CAPPING events from decorations provider vscode.git 305
2024-02-03 19:43:03.607 [warning] [Decorations] CAPPING events from decorations provider vscode.git 305
2024-02-03 19:43:08.689 [warning] [Decorations] CAPPING events from decorations provider vscode.git 305
2024-02-03 19:43:13.756 [warning] [Decorations] CAPPING events from decorations provider vscode.git 305
2024-02-03 19:43:18.813 [warning] [Decorations] CAPPING events from decorations provider vscode.git 305
2024-02-03 19:43:23.870 [warning] [Decorations] CAPPING events from decorations provider vscode.git 305
2024-02-03 19:43:28.922 [warning] [Decorations] CAPPING events from decorations provider vscode.git 305
