2024-02-03 19:54:12.878 [info] Уровень ведения журнала: Info
2024-02-03 19:54:12.878 [info] Проверка найденного Git в: "git"
2024-02-03 19:54:12.878 [info] Используется Git "2.34.1" из "git"
2024-02-03 19:54:12.878 [info] > git rev-parse --show-toplevel [142ms]
2024-02-03 19:54:12.886 [info] > git rev-parse --git-dir --git-common-dir [11ms]
2024-02-03 19:54:12.937 [info] Open repository: /home/goddim
2024-02-03 19:54:13.003 [info] > git config --get commit.template [54ms]
2024-02-03 19:54:13.023 [info] > git rev-parse --show-toplevel [25ms]
2024-02-03 19:54:13.065 [info] > git rev-parse --show-toplevel [7ms]
2024-02-03 19:54:13.093 [info] > git rev-parse --show-toplevel [12ms]
2024-02-03 19:54:13.094 [info] > git for-each-ref --format=%(refname)%00%(upstream:short)%00%(objectname)%00%(upstream:track)%00%(upstream:remotename)%00%(upstream:remoteref) refs/heads/main refs/remotes/main [72ms]
2024-02-03 19:54:13.144 [info] > git rev-parse --show-toplevel [3ms]
2024-02-03 19:54:13.167 [info] > git rev-parse --show-toplevel [13ms]
2024-02-03 19:54:13.197 [info] > git rev-parse --show-toplevel [3ms]
2024-02-03 19:54:13.220 [info] > git rev-parse --show-toplevel [3ms]
2024-02-03 19:54:13.234 [info] > git rev-parse --show-toplevel [3ms]
2024-02-03 19:54:13.251 [info] > git rev-parse --show-toplevel [4ms]
2024-02-03 19:54:13.300 [info] > git rev-parse --show-toplevel [1ms]
2024-02-03 19:54:13.344 [info] > git rev-parse --show-toplevel [8ms]
2024-02-03 19:54:13.361 [info] > git rev-parse --show-toplevel [5ms]
2024-02-03 19:54:13.386 [info] > git status -z -uall [286ms]
2024-02-03 19:54:13.509 [info] > git rev-parse --show-toplevel [124ms]
2024-02-03 19:54:13.738 [info] > git config --get commit.template [229ms]
2024-02-03 19:54:13.781 [info] > git rev-parse --show-toplevel [44ms]
2024-02-03 19:54:13.805 [info] > git check-ignore -v -z --stdin [26ms]
2024-02-03 19:54:13.811 [info] > git for-each-ref --format=%(refname)%00%(upstream:short)%00%(objectname)%00%(upstream:track)%00%(upstream:remotename)%00%(upstream:remoteref) refs/heads/main refs/remotes/main [17ms]
2024-02-03 19:54:13.820 [info] > git rev-parse --show-toplevel [18ms]
2024-02-03 19:54:13.857 [info] > git rev-parse --show-toplevel [5ms]
2024-02-03 19:54:13.880 [info] > git rev-parse --show-toplevel [4ms]
2024-02-03 19:54:13.933 [info] > git rev-parse --show-toplevel [27ms]
2024-02-03 19:54:13.949 [info] > git status -z -uall [130ms]
2024-02-03 19:54:13.959 [info] > git rev-parse --show-toplevel [11ms]
2024-02-03 19:54:13.984 [info] > git rev-parse --show-toplevel [13ms]
2024-02-03 19:54:14.007 [info] > git rev-parse --show-toplevel [12ms]
2024-02-03 19:54:14.018 [info] > git rev-parse --show-toplevel [3ms]
2024-02-03 19:54:14.027 [info] > git rev-parse --git-dir --git-common-dir [2ms]
2024-02-03 19:54:14.038 [info] Open repository: /home/goddim/shvirtd-example-python1
2024-02-03 19:54:14.176 [info] > git rev-parse --show-toplevel [87ms]
2024-02-03 19:54:14.176 [info] > git config --get commit.template [112ms]
2024-02-03 19:54:14.229 [info] > git rev-parse --show-toplevel [34ms]
2024-02-03 19:54:14.242 [info] > git for-each-ref --format=%(refname)%00%(upstream:short)%00%(objectname)%00%(upstream:track)%00%(upstream:remotename)%00%(upstream:remoteref) refs/heads/main refs/remotes/main [14ms]
2024-02-03 19:54:14.277 [info] > git rev-parse --show-toplevel [35ms]
2024-02-03 19:54:14.294 [info] > git status -z -uall [20ms]
2024-02-03 19:54:14.294 [info] > git rev-parse --show-toplevel [1ms]
2024-02-03 19:54:14.367 [info] > git rev-parse --show-toplevel [25ms]
2024-02-03 19:54:14.393 [info] > git config --get commit.template [41ms]
2024-02-03 19:54:14.447 [info] > git rev-parse --show-toplevel [55ms]
2024-02-03 19:54:14.510 [info] > git for-each-ref --format=%(refname)%00%(upstream:short)%00%(objectname)%00%(upstream:track)%00%(upstream:remotename)%00%(upstream:remoteref) refs/heads/main refs/remotes/main [65ms]
2024-02-03 19:54:14.514 [info] > git rev-parse --show-toplevel [5ms]
2024-02-03 19:54:14.562 [info] > git rev-parse --show-toplevel [9ms]
2024-02-03 19:54:14.567 [info] > git status -z -uall [6ms]
2024-02-03 19:54:14.781 [info] > git check-ignore -v -z --stdin [33ms]
2024-02-03 19:54:14.787 [info] > git check-ignore -v -z --stdin [8ms]
2024-02-03 19:54:19.058 [info] > git config --get commit.template [20ms]
2024-02-03 19:54:19.060 [info] > git for-each-ref --format=%(refname)%00%(upstream:short)%00%(objectname)%00%(upstream:track)%00%(upstream:remotename)%00%(upstream:remoteref) refs/heads/main refs/remotes/main [7ms]
2024-02-03 19:54:19.137 [info] > git status -z -uall [64ms]
2024-02-03 19:54:20.131 [info] > git show --textconv :docker-compose.yml [32ms]
2024-02-03 19:54:20.343 [info] > git ls-files --stage -- /home/goddim/shvirtd-example-python1/docker-compose.yml [213ms]
2024-02-03 19:54:20.400 [info] > git cat-file -s d22a2464268f312c0dd07c1792b8a8f0fb76cbed [33ms]
2024-02-03 19:54:23.298 [info] > git for-each-ref --format=%(refname)%00%(upstream:short)%00%(objectname)%00%(upstream:track)%00%(upstream:remotename)%00%(upstream:remoteref) refs/heads/main [13ms]
2024-02-03 19:54:23.308 [info] > git merge-base refs/heads/main refs/remotes/origin/main [12ms]
2024-02-03 19:54:23.318 [info] > git config --local branch.main.vscode-merge-base [10ms]
2024-02-03 19:54:23.318 [warning] git config failed: Failed to execute git
2024-02-03 19:54:23.338 [info] > git rev-list --count --left-right refs/heads/main...refs/remotes/origin/main [22ms]
2024-02-03 19:54:23.366 [info] > git reflog refs/heads/main --grep-reflog=branch: Created from *. [29ms]
2024-02-03 19:54:23.385 [info] > git symbolic-ref --short refs/remotes/origin/HEAD [5ms]
2024-02-03 19:54:23.385 [info] fatal: ref refs/remotes/origin/HEAD is not a symbolic ref
2024-02-03 19:54:23.584 [info] > git for-each-ref --format=%(refname)%00%(upstream:short)%00%(objectname)%00%(upstream:track)%00%(upstream:remotename)%00%(upstream:remoteref) refs/heads/main [3ms]
2024-02-03 19:54:23.621 [info] > git config --local branch.main.vscode-merge-base [23ms]
2024-02-03 19:54:23.622 [warning] git config failed: Failed to execute git
2024-02-03 19:54:23.663 [info] > git reflog refs/heads/main --grep-reflog=branch: Created from *. [24ms]
2024-02-03 19:54:23.685 [info] > git symbolic-ref --short refs/remotes/origin/HEAD [3ms]
2024-02-03 19:54:23.685 [info] fatal: ref refs/remotes/origin/HEAD is not a symbolic ref
2024-02-03 19:54:24.202 [info] > git check-ignore -v -z --stdin [53ms]
2024-02-03 19:54:24.241 [info] > git config --get commit.template [41ms]
2024-02-03 19:54:24.243 [info] > git for-each-ref --format=%(refname)%00%(upstream:short)%00%(objectname)%00%(upstream:track)%00%(upstream:remotename)%00%(upstream:remoteref) refs/heads/main refs/remotes/main [4ms]
2024-02-03 19:54:24.309 [info] > git status -z -uall [55ms]
2024-02-03 19:54:24.374 [info] > git for-each-ref --format=%(refname)%00%(upstream:short)%00%(objectname)%00%(upstream:track)%00%(upstream:remotename)%00%(upstream:remoteref) refs/heads/main [2ms]
2024-02-03 19:54:24.390 [info] > git config --local branch.main.vscode-merge-base [4ms]
2024-02-03 19:54:24.390 [warning] git config failed: Failed to execute git
2024-02-03 19:54:24.407 [info] > git reflog refs/heads/main --grep-reflog=branch: Created from *. [6ms]
2024-02-03 19:54:24.494 [info] > git symbolic-ref --short refs/remotes/origin/HEAD [78ms]
2024-02-03 19:54:24.494 [info] fatal: ref refs/remotes/origin/HEAD is not a symbolic ref
2024-02-03 19:54:24.573 [info] > git for-each-ref --format=%(refname)%00%(upstream:short)%00%(objectname)%00%(upstream:track)%00%(upstream:remotename)%00%(upstream:remoteref) refs/heads/main [2ms]
2024-02-03 19:54:24.585 [info] > git config --local branch.main.vscode-merge-base [5ms]
2024-02-03 19:54:24.585 [warning] git config failed: Failed to execute git
2024-02-03 19:54:24.604 [info] > git reflog refs/heads/main --grep-reflog=branch: Created from *. [7ms]
2024-02-03 19:54:24.613 [info] > git symbolic-ref --short refs/remotes/origin/HEAD [2ms]
2024-02-03 19:54:24.613 [info] fatal: ref refs/remotes/origin/HEAD is not a symbolic ref
2024-02-03 19:54:33.430 [info] > git for-each-ref --format=%(refname)%00%(upstream:short)%00%(objectname)%00%(upstream:track)%00%(upstream:remotename)%00%(upstream:remoteref) refs/heads/main [39ms]
2024-02-03 19:54:33.479 [info] > git config --local branch.main.vscode-merge-base [38ms]
2024-02-03 19:54:33.479 [warning] git config failed: Failed to execute git
2024-02-03 19:54:33.500 [info] > git reflog refs/heads/main --grep-reflog=branch: Created from *. [6ms]
2024-02-03 19:54:33.517 [info] > git symbolic-ref --short refs/remotes/origin/HEAD [4ms]
2024-02-03 19:54:33.517 [info] fatal: ref refs/remotes/origin/HEAD is not a symbolic ref
2024-02-03 19:54:33.647 [info] > git for-each-ref --format=%(refname)%00%(upstream:short)%00%(objectname)%00%(upstream:track)%00%(upstream:remotename)%00%(upstream:remoteref) refs/heads/main [10ms]
2024-02-03 19:54:33.662 [info] > git config --local branch.main.vscode-merge-base [7ms]
2024-02-03 19:54:33.662 [warning] git config failed: Failed to execute git
2024-02-03 19:54:33.681 [info] > git reflog refs/heads/main --grep-reflog=branch: Created from *. [10ms]
2024-02-03 19:54:33.706 [info] > git symbolic-ref --short refs/remotes/origin/HEAD [12ms]
2024-02-03 19:54:33.706 [info] fatal: ref refs/remotes/origin/HEAD is not a symbolic ref
