2024-02-03 19:45:01.128 [info] Extension host with pid 11223 started
2024-02-03 19:45:01.128 [info] Skipping acquiring lock for /home/goddim/.config/Code/User/workspaceStorage/83940e97ae0d7653f86ac1db2041055b.
2024-02-03 19:45:01.294 [info] ExtensionService#_doActivateExtension vscode.git-base, startup: true, activationEvent: '*', root cause: vscode.git
2024-02-03 19:45:01.526 [info] ExtensionService#_doActivateExtension vscode.git, startup: true, activationEvent: '*'
2024-02-03 19:45:01.527 [info] ExtensionService#_doActivateExtension vscode.github, startup: true, activationEvent: '*'
2024-02-03 19:45:01.784 [info] Eager extensions activated
2024-02-03 19:45:01.821 [info] ExtensionService#_doActivateExtension vscode.debug-auto-launch, startup: false, activationEvent: 'onStartupFinished'
2024-02-03 19:45:01.822 [info] ExtensionService#_doActivateExtension vscode.merge-conflict, startup: false, activationEvent: 'onStartupFinished'
2024-02-03 19:45:02.031 [warning] [Decorations] CAPPING events from decorations provider vscode.git 1329
2024-02-03 19:45:02.365 [info] ExtensionService#_doActivateExtension vscode.github-authentication, startup: false, activationEvent: 'onAuthenticationRequest:github'
2024-02-03 19:45:02.467 [warning] [Decorations] CAPPING events from decorations provider vscode.git 1329
2024-02-03 19:45:04.283 [warning] [Decorations] CAPPING events from decorations provider vscode.git 1330
2024-02-03 19:45:09.366 [warning] [Decorations] CAPPING events from decorations provider vscode.git 1330
2024-02-03 19:45:14.423 [warning] [Decorations] CAPPING events from decorations provider vscode.git 1330
2024-02-03 19:45:19.493 [warning] [Decorations] CAPPING events from decorations provider vscode.git 1332
2024-02-03 19:45:24.551 [warning] [Decorations] CAPPING events from decorations provider vscode.git 1329
2024-02-03 19:45:29.635 [warning] [Decorations] CAPPING events from decorations provider vscode.git 1329
2024-02-03 19:45:34.694 [warning] [Decorations] CAPPING events from decorations provider vscode.git 1329
2024-02-03 19:45:39.750 [warning] [Decorations] CAPPING events from decorations provider vscode.git 1329
2024-02-03 19:45:44.871 [info] ExtensionService#_doActivateExtension vscode.emmet, startup: false, activationEvent: 'onLanguage'
2024-02-03 19:45:44.940 [warning] [Decorations] CAPPING events from decorations provider vscode.git 1329
2024-02-03 19:45:50.021 [warning] [Decorations] CAPPING events from decorations provider vscode.git 1329
2024-02-03 19:45:55.076 [warning] [Decorations] CAPPING events from decorations provider vscode.git 1329
2024-02-03 19:46:00.232 [warning] [Decorations] CAPPING events from decorations provider vscode.git 1330
2024-02-03 19:46:06.820 [info] ExtensionService#_doActivateExtension ms-azuretools.vscode-docker, startup: false, activationEvent: 'onLanguage:dockercompose'
2024-02-03 19:46:07.110 [warning] Using default string since no string found in i18n bundle that has the key: Learn more
2024-02-03 19:46:07.160 [warning] Using default string since no string found in i18n bundle that has the key: Yes
2024-02-03 19:46:07.160 [warning] Using default string since no string found in i18n bundle that has the key: No
2024-02-03 19:46:07.160 [warning] Using default string since no string found in i18n bundle that has the key: Cancel
2024-02-03 19:46:07.160 [warning] Using default string since no string found in i18n bundle that has the key: Delete
2024-02-03 19:46:07.160 [warning] Using default string since no string found in i18n bundle that has the key: Don't warn again
2024-02-03 19:46:07.160 [warning] Using default string since no string found in i18n bundle that has the key: Skip for now
2024-02-03 19:46:07.160 [warning] Using default string since no string found in i18n bundle that has the key: Upload
2024-02-03 19:46:07.160 [warning] Using default string since no string found in i18n bundle that has the key: Always upload
2024-02-03 19:46:07.160 [warning] Using default string since no string found in i18n bundle that has the key: Don't upload
2024-02-03 19:46:07.160 [warning] Using default string since no string found in i18n bundle that has the key: Report an issue
2024-02-03 19:46:07.195 [warning] Using default string since no string found in i18n bundle that has the key: "registerUIExtensionVariables" must be called before using the vscode-azureextensionui package.
2024-02-03 19:46:07.198 [warning] Using default string since no string found in i18n bundle that has the key: This operation is not supported.
2024-02-03 19:46:07.233 [warning] Using default string since no string found in i18n bundle that has the key: Load More...
2024-02-03 19:46:07.346 [warning] Using default string since no string found in i18n bundle that has the key: Use a Dockerfile
2024-02-03 19:46:07.346 [warning] Using default string since no string found in i18n bundle that has the key: Use .NET SDK
2024-02-03 19:46:07.347 [warning] Using default string since no string found in i18n bundle that has the key: No grouping
2024-02-03 19:46:07.347 [warning] Using default string since no string found in i18n bundle that has the key: Sort by newest
2024-02-03 19:46:07.347 [warning] Using default string since no string found in i18n bundle that has the key: Sort alphabetically by label
2024-02-03 19:46:07.348 [warning] Using default string since no string found in i18n bundle that has the key: Value used to associate containers launched by a 'docker-compose up' command
2024-02-03 19:46:07.348 [warning] Using default string since no string found in i18n bundle that has the key: Individual Containers
2024-02-03 19:46:07.348 [warning] Using default string since no string found in i18n bundle that has the key: Others
2024-02-03 19:46:07.349 [warning] Using default string since no string found in i18n bundle that has the key: Choose a project file
2024-02-03 19:46:07.349 [warning] Using default string since no string found in i18n bundle that has the key: No C# or F# project files were found in the workspace.
2024-02-03 19:46:07.349 [warning] Using default string since no string found in i18n bundle that has the key: Choose a package.json file
2024-02-03 19:46:07.349 [warning] Using default string since no string found in i18n bundle that has the key: No package.json files were found in the workspace.
2024-02-03 19:46:07.350 [warning] Using default string since no string found in i18n bundle that has the key: Overwrite File
2024-02-03 19:46:07.350 [warning] Using default string since no string found in i18n bundle that has the key: Skip File
2024-02-03 19:46:07.350 [warning] Using default string since no string found in i18n bundle that has the key: Cancel
2024-02-03 19:46:07.369 [warning] Using default string since no string found in i18n bundle that has the key: Redis is an open source key-value store that functions as a data structure server.
2024-02-03 19:46:07.369 [warning] Using default string since no string found in i18n bundle that has the key: Ubuntu is a Debian-based Linux operating system based on free software.
2024-02-03 19:46:07.369 [warning] Using default string since no string found in i18n bundle that has the key: The WordPress rich content management system can utilize plugins, widgets, and themes.
2024-02-03 19:46:07.369 [warning] Using default string since no string found in i18n bundle that has the key: MySQL is a widely used, open-source relational database management system (RDBMS).
2024-02-03 19:46:07.369 [warning] Using default string since no string found in i18n bundle that has the key: MongoDB document databases provide high availability and easy scalability.
2024-02-03 19:46:07.369 [warning] Using default string since no string found in i18n bundle that has the key: The official build of CentOS.
2024-02-03 19:46:07.369 [warning] Using default string since no string found in i18n bundle that has the key: Node.js is a JavaScript-based platform for server-side and networking applications.
2024-02-03 19:46:07.369 [warning] Using default string since no string found in i18n bundle that has the key: Official build of Nginx.
2024-02-03 19:46:07.369 [warning] Using default string since no string found in i18n bundle that has the key: The PostgreSQL object-relational database system provides reliability and data integrity.
2024-02-03 19:46:07.369 [warning] Using default string since no string found in i18n bundle that has the key: ASP.NET is an open source server-side Web application framework
2024-02-03 19:46:07.431 [warning] Using default string since no string found in i18n bundle that has the key: Containers
2024-02-03 19:46:07.431 [warning] Using default string since no string found in i18n bundle that has the key: Configure containers explorer
2024-02-03 19:46:07.432 [warning] Using default string since no string found in i18n bundle that has the key: Networks
2024-02-03 19:46:07.432 [warning] Using default string since no string found in i18n bundle that has the key: Configure networks explorer
2024-02-03 19:46:07.433 [warning] Using default string since no string found in i18n bundle that has the key: Images
2024-02-03 19:46:07.433 [warning] Using default string since no string found in i18n bundle that has the key: Configure images explorer
2024-02-03 19:46:07.433 [warning] Using default string since no string found in i18n bundle that has the key: Sort by image size
2024-02-03 19:46:07.433 [warning] Using default string since no string found in i18n bundle that has the key: Generic Registry V2
2024-02-03 19:46:07.433 [warning] Using default string since no string found in i18n bundle that has the key: Azure
2024-02-03 19:46:07.433 [warning] Using default string since no string found in i18n bundle that has the key: Azure Container Registry
2024-02-03 19:46:07.434 [warning] Using default string since no string found in i18n bundle that has the key: Docker Hub
2024-02-03 19:46:07.434 [warning] Using default string since no string found in i18n bundle that has the key: GitHub
2024-02-03 19:46:07.434 [warning] Using default string since no string found in i18n bundle that has the key: GitHub Container Registry
2024-02-03 19:46:07.435 [warning] Using default string since no string found in i18n bundle that has the key: Volumes
2024-02-03 19:46:07.435 [warning] Using default string since no string found in i18n bundle that has the key: Configure volumes explorer
2024-02-03 19:46:07.436 [warning] Using default string since no string found in i18n bundle that has the key: Contexts
2024-02-03 19:46:07.436 [warning] Using default string since no string found in i18n bundle that has the key: Configure Docker Contexts Explorer
2024-02-03 19:46:08.961 [warning] [Decorations] CAPPING events from decorations provider vscode.git 1409
2024-02-03 19:46:14.020 [warning] [Decorations] CAPPING events from decorations provider vscode.git 1412
2024-02-03 19:46:19.150 [warning] [Decorations] CAPPING events from decorations provider vscode.git 1418
2024-02-03 19:46:24.207 [warning] [Decorations] CAPPING events from decorations provider vscode.git 1419
2024-02-03 19:46:29.280 [warning] [Decorations] CAPPING events from decorations provider vscode.git 1419
2024-02-03 19:46:34.394 [warning] [Decorations] CAPPING events from decorations provider vscode.git 1419
2024-02-03 19:46:34.918 [warning] Using default string since no string found in i18n bundle that has the key: There are no staged changes to commit.

Would you like to stage all your changes and commit them directly?
2024-02-03 19:46:42.783 [warning] [Decorations] CAPPING events from decorations provider vscode.git 1421
2024-02-03 19:46:43.185 [warning] [Decorations] CAPPING events from decorations provider vscode.git 1421
2024-02-03 19:46:53.412 [warning] [Decorations] CAPPING events from decorations provider vscode.git 1421
2024-02-03 19:46:58.563 [warning] [Decorations] CAPPING events from decorations provider vscode.git 1421
2024-02-03 19:47:03.658 [warning] [Decorations] CAPPING events from decorations provider vscode.git 1421
2024-02-03 19:47:08.801 [warning] [Decorations] CAPPING events from decorations provider vscode.git 1421
2024-02-03 19:47:13.924 [warning] [Decorations] CAPPING events from decorations provider vscode.git 1421
2024-02-03 19:47:19.072 [warning] [Decorations] CAPPING events from decorations provider vscode.git 1421
2024-02-03 19:47:24.185 [warning] [Decorations] CAPPING events from decorations provider vscode.git 1421
2024-02-03 19:47:29.269 [warning] [Decorations] CAPPING events from decorations provider vscode.git 1425
2024-02-03 19:47:34.360 [warning] [Decorations] CAPPING events from decorations provider vscode.git 1425
2024-02-03 19:47:39.450 [warning] [Decorations] CAPPING events from decorations provider vscode.git 1434
2024-02-03 19:47:44.577 [warning] [Decorations] CAPPING events from decorations provider vscode.git 1444
2024-02-03 19:47:49.693 [warning] [Decorations] CAPPING events from decorations provider vscode.git 1444
2024-02-03 19:47:54.819 [warning] [Decorations] CAPPING events from decorations provider vscode.git 1444
2024-02-03 19:47:59.921 [warning] [Decorations] CAPPING events from decorations provider vscode.git 1444
2024-02-03 19:48:05.033 [warning] [Decorations] CAPPING events from decorations provider vscode.git 1444
2024-02-03 19:48:10.125 [warning] [Decorations] CAPPING events from decorations provider vscode.git 1444
2024-02-03 19:48:15.243 [warning] [Decorations] CAPPING events from decorations provider vscode.git 1444
2024-02-03 19:48:20.357 [warning] [Decorations] CAPPING events from decorations provider vscode.git 1444
2024-02-03 19:48:25.448 [warning] [Decorations] CAPPING events from decorations provider vscode.git 1445
2024-02-03 19:48:30.543 [warning] [Decorations] CAPPING events from decorations provider vscode.git 1445
2024-02-03 19:48:47.616 [warning] [Decorations] CAPPING events from decorations provider vscode.git 1447
