2024-02-03 19:43:47.581 [error] [uncaught exception in sharedProcess]: Event not found: onDidChange: CodeExpectedError: Event not found: onDidChange
    at Object.listen (/snap/code/150/usr/share/code/resources/app/out/vs/code/node/sharedProcess/sharedProcessMain.js:45:4959)
    at E.t (/snap/code/150/usr/share/code/resources/app/out/vs/code/node/sharedProcess/sharedProcessMain.js:44:251)
    at E.q (/snap/code/150/usr/share/code/resources/app/out/vs/code/node/sharedProcess/sharedProcessMain.js:43:4371)
    at w.value (/snap/code/150/usr/share/code/resources/app/out/vs/code/node/sharedProcess/sharedProcessMain.js:43:3602)
    at d.y (/snap/code/150/usr/share/code/resources/app/out/vs/code/node/sharedProcess/sharedProcessMain.js:38:1902)
    at d.z (/snap/code/150/usr/share/code/resources/app/out/vs/code/node/sharedProcess/sharedProcessMain.js:38:1972)
    at d.fire (/snap/code/150/usr/share/code/resources/app/out/vs/code/node/sharedProcess/sharedProcessMain.js:38:2188)
    at MessagePortMain.de (/snap/code/150/usr/share/code/resources/app/out/vs/code/node/sharedProcess/sharedProcessMain.js:36:30422)
    at MessagePortMain.emit (node:events:514:28)
    at Object.emit (node:electron/js2c/utility_init:2:2285)
2024-02-03 19:44:48.725 [info] Getting Manifest... ms-ceintl.vscode-language-pack-ru
2024-02-03 19:44:48.735 [info] Installing extension: ms-ceintl.vscode-language-pack-ru
2024-02-03 19:44:56.379 [info] Extension signature is verified: ms-ceintl.vscode-language-pack-ru
2024-02-03 19:44:56.624 [info] Extracted extension to file:///home/goddim/.vscode/extensions/ms-ceintl.vscode-language-pack-ru-1.85.2024013109: ms-ceintl.vscode-language-pack-ru
2024-02-03 19:44:56.642 [info] Renamed to /home/goddim/.vscode/extensions/ms-ceintl.vscode-language-pack-ru-1.85.2024013109
2024-02-03 19:44:56.645 [info] Extracting extension completed. ms-ceintl.vscode-language-pack-ru
2024-02-03 19:44:56.657 [info] Adding language packs from the extension ms-ceintl.vscode-language-pack-ru
2024-02-03 19:44:56.746 [error] [uncaught exception in sharedProcess]: Error: ENOENT: no such file or directory, stat '/home/goddim/.vscode/extensions/extensions.json.vsctmp': EntryNotFound (FileSystemError): Error: ENOENT: no such file or directory, stat '/home/goddim/.vscode/extensions/extensions.json.vsctmp'
    at r.create (/snap/code/150/usr/share/code/resources/app/out/vs/code/node/sharedProcess/sharedProcessMain.js:51:30119)
    at a (/snap/code/150/usr/share/code/resources/app/out/vs/code/node/sharedProcess/sharedProcessMain.js:51:30234)
    at i.fb (/snap/code/150/usr/share/code/resources/app/out/vs/code/node/sharedProcess/sharedProcessMain.js:56:36631)
    at i.stat (/snap/code/150/usr/share/code/resources/app/out/vs/code/node/sharedProcess/sharedProcessMain.js:56:29077)
    at async v.stat (/snap/code/150/usr/share/code/resources/app/out/vs/code/node/sharedProcess/sharedProcessMain.js:56:16223)
    at async Y.tb (/snap/code/150/usr/share/code/resources/app/out/vs/code/node/sharedProcess/sharedProcessMain.js:102:108626)
2024-02-03 19:44:56.812 [info] Extension installed successfully: ms-ceintl.vscode-language-pack-ru
