2024-02-03 19:45:01.607 [error] [uncaught exception in sharedProcess]: Event not found: onDidChange: CodeExpectedError: Event not found: onDidChange
    at Object.listen (/snap/code/150/usr/share/code/resources/app/out/vs/code/node/sharedProcess/sharedProcessMain.js:45:4959)
    at E.t (/snap/code/150/usr/share/code/resources/app/out/vs/code/node/sharedProcess/sharedProcessMain.js:44:251)
    at E.q (/snap/code/150/usr/share/code/resources/app/out/vs/code/node/sharedProcess/sharedProcessMain.js:43:4371)
    at w.value (/snap/code/150/usr/share/code/resources/app/out/vs/code/node/sharedProcess/sharedProcessMain.js:43:3602)
    at d.y (/snap/code/150/usr/share/code/resources/app/out/vs/code/node/sharedProcess/sharedProcessMain.js:38:1902)
    at d.z (/snap/code/150/usr/share/code/resources/app/out/vs/code/node/sharedProcess/sharedProcessMain.js:38:1972)
    at d.fire (/snap/code/150/usr/share/code/resources/app/out/vs/code/node/sharedProcess/sharedProcessMain.js:38:2188)
    at MessagePortMain.de (/snap/code/150/usr/share/code/resources/app/out/vs/code/node/sharedProcess/sharedProcessMain.js:36:30422)
    at MessagePortMain.emit (node:events:514:28)
    at Object.emit (node:electron/js2c/utility_init:2:2285)
2024-02-03 19:46:00.671 [info] Getting Manifest... ms-azuretools.vscode-docker
2024-02-03 19:46:00.686 [info] Installing extension: ms-azuretools.vscode-docker
2024-02-03 19:46:05.806 [info] Extension signature is verified: ms-azuretools.vscode-docker
2024-02-03 19:46:06.224 [info] Extracted extension to file:///home/goddim/.vscode/extensions/ms-azuretools.vscode-docker-1.28.0: ms-azuretools.vscode-docker
2024-02-03 19:46:06.243 [info] Renamed to /home/goddim/.vscode/extensions/ms-azuretools.vscode-docker-1.28.0
2024-02-03 19:46:06.269 [info] Extracting extension completed. ms-azuretools.vscode-docker
2024-02-03 19:46:06.309 [info] Extension installed successfully: ms-azuretools.vscode-docker
2024-02-03 19:46:06.378 [error] [uncaught exception in sharedProcess]: Error: ENOENT: no such file or directory, stat '/home/goddim/.vscode/extensions/extensions.json.vsctmp': EntryNotFound (FileSystemError): Error: ENOENT: no such file or directory, stat '/home/goddim/.vscode/extensions/extensions.json.vsctmp'
    at r.create (/snap/code/150/usr/share/code/resources/app/out/vs/code/node/sharedProcess/sharedProcessMain.js:51:30119)
    at a (/snap/code/150/usr/share/code/resources/app/out/vs/code/node/sharedProcess/sharedProcessMain.js:51:30234)
    at i.fb (/snap/code/150/usr/share/code/resources/app/out/vs/code/node/sharedProcess/sharedProcessMain.js:56:36631)
    at i.stat (/snap/code/150/usr/share/code/resources/app/out/vs/code/node/sharedProcess/sharedProcessMain.js:56:29077)
    at async v.stat (/snap/code/150/usr/share/code/resources/app/out/vs/code/node/sharedProcess/sharedProcessMain.js:56:16223)
    at async Y.tb (/snap/code/150/usr/share/code/resources/app/out/vs/code/node/sharedProcess/sharedProcessMain.js:102:108626)
