2024-02-03 19:43:47.305 [info] Log level: Info
2024-02-03 19:43:47.305 [info] Validating found git in: "git"
2024-02-03 19:43:47.305 [info] Using git "2.34.1" from "git"
2024-02-03 19:43:47.305 [info] > git rev-parse --show-toplevel [16ms]
2024-02-03 19:43:47.305 [info] > git rev-parse --git-dir --git-common-dir [8ms]
2024-02-03 19:43:47.305 [info] Open repository: /home/goddim
2024-02-03 19:43:47.318 [info] > git rev-parse --show-toplevel [54ms]
2024-02-03 19:43:47.319 [info] > git config --get commit.template [72ms]
2024-02-03 19:43:47.371 [info] > git rev-parse --show-toplevel [10ms]
2024-02-03 19:43:47.390 [info] > git for-each-ref --format=%(refname)%00%(upstream:short)%00%(objectname)%00%(upstream:track)%00%(upstream:remotename)%00%(upstream:remoteref) refs/heads/main refs/remotes/main [20ms]
2024-02-03 19:43:47.398 [info] > git rev-parse --show-toplevel [9ms]
2024-02-03 19:43:47.432 [info] > git status -z -uall [35ms]
2024-02-03 19:43:47.545 [info] > git rev-parse --show-toplevel [116ms]
2024-02-03 19:43:47.990 [info] > git config --get commit.template [445ms]
2024-02-03 19:43:48.036 [info] > git rev-parse --show-toplevel [48ms]
2024-02-03 19:43:48.069 [info] > git check-ignore -v -z --stdin [38ms]
2024-02-03 19:43:48.081 [info] > git rev-parse --show-toplevel [12ms]
2024-02-03 19:43:48.081 [info] > git for-each-ref --format=%(refname)%00%(upstream:short)%00%(objectname)%00%(upstream:track)%00%(upstream:remotename)%00%(upstream:remoteref) refs/heads/main refs/remotes/main [19ms]
2024-02-03 19:43:48.130 [info] > git rev-parse --show-toplevel [1ms]
2024-02-03 19:43:48.150 [info] > git status -z -uall [61ms]
2024-02-03 19:43:48.190 [info] > git rev-parse --show-toplevel [42ms]
2024-02-03 19:43:48.210 [info] > git rev-parse --show-toplevel [8ms]
2024-02-03 19:43:48.234 [info] > git rev-parse --show-toplevel [3ms]
2024-02-03 19:43:48.248 [info] > git rev-parse --show-toplevel [2ms]
2024-02-03 19:43:48.257 [info] > git rev-parse --show-toplevel [2ms]
2024-02-03 19:43:48.478 [info] > git rev-parse --show-toplevel [214ms]
2024-02-03 19:43:48.489 [info] > git rev-parse --git-dir --git-common-dir [2ms]
2024-02-03 19:43:48.496 [info] Open repository: /home/goddim/shvirtd-example-python1
2024-02-03 19:43:48.517 [info] > git config --get commit.template [13ms]
2024-02-03 19:43:48.517 [info] > git rev-parse --show-toplevel [7ms]
2024-02-03 19:43:48.527 [info] > git for-each-ref --format=%(refname)%00%(upstream:short)%00%(objectname)%00%(upstream:track)%00%(upstream:remotename)%00%(upstream:remoteref) refs/heads/main refs/remotes/main [11ms]
2024-02-03 19:43:48.538 [info] > git rev-parse --show-toplevel [11ms]
2024-02-03 19:43:48.547 [info] > git status -z -uall [10ms]
2024-02-03 19:43:48.566 [info] > git rev-parse --show-toplevel [20ms]
2024-02-03 19:43:48.576 [info] > git config --get commit.template [11ms]
2024-02-03 19:43:48.588 [info] > git rev-parse --show-toplevel [12ms]
2024-02-03 19:43:48.599 [info] > git for-each-ref --format=%(refname)%00%(upstream:short)%00%(objectname)%00%(upstream:track)%00%(upstream:remotename)%00%(upstream:remoteref) refs/heads/main refs/remotes/main [10ms]
2024-02-03 19:43:48.600 [info] > git rev-parse --show-toplevel [4ms]
2024-02-03 19:43:48.616 [info] > git rev-parse --show-toplevel [8ms]
2024-02-03 19:43:48.631 [info] > git status -z -uall [16ms]
2024-02-03 19:43:48.636 [info] > git rev-parse --show-toplevel [6ms]
2024-02-03 19:43:48.644 [info] > git rev-parse --show-toplevel [1ms]
2024-02-03 19:43:49.495 [info] > git config --get commit.template [7ms]
2024-02-03 19:43:49.496 [info] > git for-each-ref --format=%(refname)%00%(upstream:short)%00%(objectname)%00%(upstream:track)%00%(upstream:remotename)%00%(upstream:remoteref) refs/heads/main refs/remotes/main [2ms]
2024-02-03 19:43:49.514 [info] > git status -z -uall [12ms]
2024-02-03 19:44:39.159 [info] > git check-ignore -v -z --stdin [2ms]
2024-02-03 19:44:39.161 [info] > git check-ignore -v -z --stdin [12ms]
2024-02-03 19:44:40.273 [info] > git config --get commit.template [10ms]
2024-02-03 19:44:40.274 [info] > git for-each-ref --format=%(refname)%00%(upstream:short)%00%(objectname)%00%(upstream:track)%00%(upstream:remotename)%00%(upstream:remoteref) refs/heads/main refs/remotes/main [3ms]
2024-02-03 19:44:40.293 [info] > git status -z -uall [12ms]
2024-02-03 19:44:45.330 [info] > git config --get commit.template [6ms]
2024-02-03 19:44:45.331 [info] > git for-each-ref --format=%(refname)%00%(upstream:short)%00%(objectname)%00%(upstream:track)%00%(upstream:remotename)%00%(upstream:remoteref) refs/heads/main refs/remotes/main [1ms]
2024-02-03 19:44:45.346 [info] > git status -z -uall [10ms]
2024-02-03 19:44:50.386 [info] > git config --get commit.template [7ms]
2024-02-03 19:44:50.387 [info] > git for-each-ref --format=%(refname)%00%(upstream:short)%00%(objectname)%00%(upstream:track)%00%(upstream:remotename)%00%(upstream:remoteref) refs/heads/main refs/remotes/main [2ms]
2024-02-03 19:44:50.405 [info] > git status -z -uall [11ms]
2024-02-03 19:44:55.442 [info] > git config --get commit.template [11ms]
2024-02-03 19:44:55.448 [info] > git for-each-ref --format=%(refname)%00%(upstream:short)%00%(objectname)%00%(upstream:track)%00%(upstream:remotename)%00%(upstream:remoteref) refs/heads/main refs/remotes/main [9ms]
2024-02-03 19:44:55.470 [info] > git status -z -uall [14ms]
2024-02-03 19:44:55.513 [info] > git check-ignore -v -z --stdin [2ms]
