2024-02-03 19:41:44.333 [info] Log level: Info
2024-02-03 19:41:44.333 [info] Validating found git in: "git"
2024-02-03 19:41:44.333 [info] Using git "2.34.1" from "git"
2024-02-03 19:41:44.333 [info] > git rev-parse --show-toplevel [6ms]
2024-02-03 19:41:44.333 [info] > git rev-parse --git-dir --git-common-dir [5ms]
2024-02-03 19:41:44.333 [info] Open repository: /home/goddim
2024-02-03 19:41:44.359 [info] > git rev-parse --show-toplevel [3ms]
2024-02-03 19:41:44.360 [info] > git config --get commit.template [20ms]
2024-02-03 19:41:44.384 [info] > git rev-parse --show-toplevel [12ms]
2024-02-03 19:41:44.396 [info] > git for-each-ref --format=%(refname)%00%(upstream:short)%00%(objectname)%00%(upstream:track)%00%(upstream:remotename)%00%(upstream:remoteref) refs/heads/main refs/remotes/main [14ms]
2024-02-03 19:41:44.405 [info] > git rev-parse --show-toplevel [10ms]
2024-02-03 19:41:44.424 [info] > git status -z -uall [20ms]
2024-02-03 19:41:44.425 [info] > git rev-parse --show-toplevel [12ms]
2024-02-03 19:41:44.484 [info] > git rev-parse --show-toplevel [10ms]
2024-02-03 19:41:44.493 [info] > git config --get commit.template [10ms]
2024-02-03 19:41:44.511 [info] > git rev-parse --show-toplevel [20ms]
2024-02-03 19:41:44.528 [info] > git for-each-ref --format=%(refname)%00%(upstream:short)%00%(objectname)%00%(upstream:track)%00%(upstream:remotename)%00%(upstream:remoteref) refs/heads/main refs/remotes/main [18ms]
2024-02-03 19:41:44.700 [info] > git status -z -uall [161ms]
2024-02-03 19:41:44.707 [info] > git rev-parse --show-toplevel [187ms]
2024-02-03 19:41:44.759 [info] > git rev-parse --show-toplevel [6ms]
2024-02-03 19:41:44.768 [info] > git rev-parse --show-toplevel [2ms]
2024-02-03 19:41:44.793 [info] > git rev-parse --show-toplevel [17ms]
2024-02-03 19:41:44.857 [info] > git rev-parse --show-toplevel [47ms]
2024-02-03 19:41:44.881 [info] > git rev-parse --show-toplevel [8ms]
2024-02-03 19:41:44.888 [info] > git check-ignore -v -z --stdin [8ms]
2024-02-03 19:41:44.890 [info] > git rev-parse --show-toplevel [2ms]
2024-02-03 19:41:44.899 [info] > git rev-parse --git-dir --git-common-dir [2ms]
2024-02-03 19:41:44.905 [info] Open repository: /home/goddim/shvirtd-example-python1
2024-02-03 19:41:44.923 [info] > git config --get commit.template [8ms]
2024-02-03 19:41:44.926 [info] > git rev-parse --show-toplevel [4ms]
2024-02-03 19:41:44.942 [info] > git rev-parse --show-toplevel [2ms]
2024-02-03 19:41:44.946 [info] > git for-each-ref --format=%(refname)%00%(upstream:short)%00%(objectname)%00%(upstream:track)%00%(upstream:remotename)%00%(upstream:remoteref) refs/heads/main refs/remotes/main [10ms]
2024-02-03 19:41:44.967 [info] > git rev-parse --show-toplevel [9ms]
2024-02-03 19:41:44.980 [info] > git status -z -uall [13ms]
2024-02-03 19:41:45.004 [info] > git rev-parse --show-toplevel [26ms]
2024-02-03 19:41:45.024 [info] > git config --get commit.template [21ms]
2024-02-03 19:41:45.039 [info] > git rev-parse --show-toplevel [16ms]
2024-02-03 19:41:45.060 [info] > git for-each-ref --format=%(refname)%00%(upstream:short)%00%(objectname)%00%(upstream:track)%00%(upstream:remotename)%00%(upstream:remoteref) refs/heads/main refs/remotes/main [22ms]
2024-02-03 19:41:45.062 [info] > git rev-parse --show-toplevel [4ms]
2024-02-03 19:41:45.091 [info] > git rev-parse --show-toplevel [17ms]
2024-02-03 19:41:45.106 [info] > git status -z -uall [16ms]
2024-02-03 19:41:45.111 [info] > git rev-parse --show-toplevel [5ms]
2024-02-03 19:41:45.473 [info] > git check-ignore -v -z --stdin [11ms]
2024-02-03 19:41:45.475 [info] > git check-ignore -v -z --stdin [7ms]
2024-02-03 19:41:53.854 [info] > git config --get commit.template [11ms]
2024-02-03 19:41:53.856 [info] > git for-each-ref --format=%(refname)%00%(upstream:short)%00%(objectname)%00%(upstream:track)%00%(upstream:remotename)%00%(upstream:remoteref) refs/heads/main refs/remotes/main [2ms]
2024-02-03 19:41:53.870 [info] > git status -z -uall [8ms]
2024-02-03 19:41:58.904 [info] > git config --get commit.template [6ms]
2024-02-03 19:41:58.905 [info] > git for-each-ref --format=%(refname)%00%(upstream:short)%00%(objectname)%00%(upstream:track)%00%(upstream:remotename)%00%(upstream:remoteref) refs/heads/main refs/remotes/main [2ms]
2024-02-03 19:41:58.920 [info] > git status -z -uall [10ms]
2024-02-03 19:42:03.953 [info] > git config --get commit.template [6ms]
2024-02-03 19:42:03.954 [info] > git for-each-ref --format=%(refname)%00%(upstream:short)%00%(objectname)%00%(upstream:track)%00%(upstream:remotename)%00%(upstream:remoteref) refs/heads/main refs/remotes/main [2ms]
2024-02-03 19:42:03.966 [info] > git status -z -uall [7ms]
2024-02-03 19:42:09.008 [info] > git config --get commit.template [9ms]
2024-02-03 19:42:09.009 [info] > git for-each-ref --format=%(refname)%00%(upstream:short)%00%(objectname)%00%(upstream:track)%00%(upstream:remotename)%00%(upstream:remoteref) refs/heads/main refs/remotes/main [2ms]
2024-02-03 19:42:09.022 [info] > git status -z -uall [8ms]
2024-02-03 19:42:14.043 [info] > git config --get commit.template [7ms]
2024-02-03 19:42:14.044 [info] > git for-each-ref --format=%(refname)%00%(upstream:short)%00%(objectname)%00%(upstream:track)%00%(upstream:remotename)%00%(upstream:remoteref) refs/heads/main refs/remotes/main [3ms]
2024-02-03 19:42:14.057 [info] > git status -z -uall [8ms]
2024-02-03 19:42:19.085 [info] > git config --get commit.template [9ms]
2024-02-03 19:42:19.086 [info] > git for-each-ref --format=%(refname)%00%(upstream:short)%00%(objectname)%00%(upstream:track)%00%(upstream:remotename)%00%(upstream:remoteref) refs/heads/main refs/remotes/main [2ms]
2024-02-03 19:42:19.100 [info] > git status -z -uall [8ms]
2024-02-03 19:42:24.121 [info] > git config --get commit.template [5ms]
2024-02-03 19:42:24.122 [info] > git for-each-ref --format=%(refname)%00%(upstream:short)%00%(objectname)%00%(upstream:track)%00%(upstream:remotename)%00%(upstream:remoteref) refs/heads/main refs/remotes/main [2ms]
2024-02-03 19:42:24.135 [info] > git status -z -uall [8ms]
2024-02-03 19:42:29.193 [info] > git config --get commit.template [18ms]
2024-02-03 19:42:29.197 [info] > git for-each-ref --format=%(refname)%00%(upstream:short)%00%(objectname)%00%(upstream:track)%00%(upstream:remotename)%00%(upstream:remoteref) refs/heads/main refs/remotes/main [5ms]
2024-02-03 19:42:29.212 [info] > git status -z -uall [9ms]
2024-02-03 19:42:34.238 [info] > git config --get commit.template [7ms]
2024-02-03 19:42:34.239 [info] > git for-each-ref --format=%(refname)%00%(upstream:short)%00%(objectname)%00%(upstream:track)%00%(upstream:remotename)%00%(upstream:remoteref) refs/heads/main refs/remotes/main [2ms]
2024-02-03 19:42:34.255 [info] > git status -z -uall [11ms]
2024-02-03 19:42:37.121 [info] > git check-ignore -v -z --stdin [1ms]
2024-02-03 19:42:38.020 [info] > git check-ignore -v -z --stdin [1ms]
2024-02-03 19:42:42.095 [info] > git show --textconv :docker-compose.yml [22ms]
2024-02-03 19:42:42.100 [info] > git ls-files --stage -- /home/goddim/shvirtd-example-python1/docker-compose.yml [6ms]
2024-02-03 19:42:42.108 [info] > git cat-file -s d22a2464268f312c0dd07c1792b8a8f0fb76cbed [2ms]
2024-02-03 19:42:43.337 [info] > git for-each-ref --format=%(refname)%00%(upstream:short)%00%(objectname)%00%(upstream:track)%00%(upstream:remotename)%00%(upstream:remoteref) refs/heads/main refs/remotes/main [0ms]
2024-02-03 19:42:43.338 [info] > git config --get commit.template [14ms]
2024-02-03 19:42:43.360 [info] > git status -z -uall [13ms]
2024-02-03 19:42:48.391 [info] > git config --get commit.template [6ms]
2024-02-03 19:42:48.392 [info] > git for-each-ref --format=%(refname)%00%(upstream:short)%00%(objectname)%00%(upstream:track)%00%(upstream:remotename)%00%(upstream:remoteref) refs/heads/main refs/remotes/main [2ms]
2024-02-03 19:42:48.404 [info] > git status -z -uall [7ms]
2024-02-03 19:42:53.443 [info] > git config --get commit.template [15ms]
2024-02-03 19:42:53.445 [info] > git for-each-ref --format=%(refname)%00%(upstream:short)%00%(objectname)%00%(upstream:track)%00%(upstream:remotename)%00%(upstream:remoteref) refs/heads/main refs/remotes/main [5ms]
2024-02-03 19:42:53.467 [info] > git status -z -uall [9ms]
2024-02-03 19:42:58.492 [info] > git config --get commit.template [8ms]
2024-02-03 19:42:58.494 [info] > git for-each-ref --format=%(refname)%00%(upstream:short)%00%(objectname)%00%(upstream:track)%00%(upstream:remotename)%00%(upstream:remoteref) refs/heads/main refs/remotes/main [1ms]
2024-02-03 19:42:58.513 [info] > git status -z -uall [9ms]
2024-02-03 19:43:00.903 [info] > git for-each-ref --format=%(refname)%00%(upstream:short)%00%(objectname)%00%(upstream:track)%00%(upstream:remotename)%00%(upstream:remoteref) refs/heads/main [8ms]
2024-02-03 19:43:00.919 [info] > git merge-base refs/heads/main refs/remotes/origin/main [17ms]
2024-02-03 19:43:00.934 [info] > git config --local branch.main.vscode-merge-base [16ms]
2024-02-03 19:43:00.934 [warning] git config failed: Failed to execute git
2024-02-03 19:43:00.951 [info] > git rev-list --count --left-right refs/heads/main...refs/remotes/origin/main [18ms]
2024-02-03 19:43:00.953 [info] > git reflog refs/heads/main --grep-reflog=branch: Created from *. [5ms]
2024-02-03 19:43:00.988 [info] > git symbolic-ref --short refs/remotes/origin/HEAD [16ms]
2024-02-03 19:43:00.989 [info] fatal: ref refs/remotes/origin/HEAD is not a symbolic ref
2024-02-03 19:43:01.199 [info] > git for-each-ref --format=%(refname)%00%(upstream:short)%00%(objectname)%00%(upstream:track)%00%(upstream:remotename)%00%(upstream:remoteref) refs/heads/main [3ms]
2024-02-03 19:43:01.215 [info] > git config --local branch.main.vscode-merge-base [2ms]
2024-02-03 19:43:01.216 [warning] git config failed: Failed to execute git
2024-02-03 19:43:01.259 [info] > git reflog refs/heads/main --grep-reflog=branch: Created from *. [20ms]
2024-02-03 19:43:01.275 [info] > git symbolic-ref --short refs/remotes/origin/HEAD [5ms]
2024-02-03 19:43:01.275 [info] fatal: ref refs/remotes/origin/HEAD is not a symbolic ref
2024-02-03 19:43:01.765 [info] > git check-ignore -v -z --stdin [2ms]
2024-02-03 19:43:03.571 [info] > git config --get commit.template [16ms]
2024-02-03 19:43:03.572 [info] > git for-each-ref --format=%(refname)%00%(upstream:short)%00%(objectname)%00%(upstream:track)%00%(upstream:remotename)%00%(upstream:remoteref) refs/heads/main refs/remotes/main [3ms]
2024-02-03 19:43:03.601 [info] > git status -z -uall [14ms]
2024-02-03 19:43:06.024 [info] > git for-each-ref --format=%(refname)%00%(upstream:short)%00%(objectname)%00%(upstream:track)%00%(upstream:remotename)%00%(upstream:remoteref) refs/heads/main [4ms]
2024-02-03 19:43:06.033 [info] > git config --local branch.main.vscode-merge-base [1ms]
2024-02-03 19:43:06.033 [warning] git config failed: Failed to execute git
2024-02-03 19:43:06.047 [info] > git reflog refs/heads/main --grep-reflog=branch: Created from *. [4ms]
2024-02-03 19:43:06.061 [info] > git symbolic-ref --short refs/remotes/origin/HEAD [4ms]
2024-02-03 19:43:06.061 [info] fatal: ref refs/remotes/origin/HEAD is not a symbolic ref
2024-02-03 19:43:08.637 [info] > git config --get commit.template [12ms]
2024-02-03 19:43:08.638 [info] > git for-each-ref --format=%(refname)%00%(upstream:short)%00%(objectname)%00%(upstream:track)%00%(upstream:remotename)%00%(upstream:remoteref) refs/heads/main refs/remotes/main [3ms]
2024-02-03 19:43:08.677 [info] > git status -z -uall [21ms]
2024-02-03 19:43:13.721 [info] > git config --get commit.template [11ms]
2024-02-03 19:43:13.724 [info] > git for-each-ref --format=%(refname)%00%(upstream:short)%00%(objectname)%00%(upstream:track)%00%(upstream:remotename)%00%(upstream:remoteref) refs/heads/main refs/remotes/main [4ms]
2024-02-03 19:43:13.750 [info] > git status -z -uall [14ms]
2024-02-03 19:43:18.794 [info] > git config --get commit.template [6ms]
2024-02-03 19:43:18.795 [info] > git for-each-ref --format=%(refname)%00%(upstream:short)%00%(objectname)%00%(upstream:track)%00%(upstream:remotename)%00%(upstream:remoteref) refs/heads/main refs/remotes/main [2ms]
2024-02-03 19:43:18.809 [info] > git status -z -uall [9ms]
2024-02-03 19:43:23.843 [info] > git config --get commit.template [9ms]
2024-02-03 19:43:23.845 [info] > git for-each-ref --format=%(refname)%00%(upstream:short)%00%(objectname)%00%(upstream:track)%00%(upstream:remotename)%00%(upstream:remoteref) refs/heads/main refs/remotes/main [3ms]
2024-02-03 19:43:23.865 [info] > git status -z -uall [13ms]
2024-02-03 19:43:28.896 [info] > git config --get commit.template [8ms]
2024-02-03 19:43:28.900 [info] > git for-each-ref --format=%(refname)%00%(upstream:short)%00%(objectname)%00%(upstream:track)%00%(upstream:remotename)%00%(upstream:remoteref) refs/heads/main refs/remotes/main [4ms]
2024-02-03 19:43:28.918 [info] > git status -z -uall [12ms]
2024-02-03 19:43:29.081 [info] > git for-each-ref --format=%(refname)%00%(upstream:short)%00%(objectname)%00%(upstream:track)%00%(upstream:remotename)%00%(upstream:remoteref) refs/heads/main [9ms]
2024-02-03 19:43:29.100 [info] > git config --local branch.main.vscode-merge-base [2ms]
2024-02-03 19:43:29.100 [warning] git config failed: Failed to execute git
2024-02-03 19:43:29.120 [info] > git reflog refs/heads/main --grep-reflog=branch: Created from *. [5ms]
2024-02-03 19:43:29.132 [info] > git symbolic-ref --short refs/remotes/origin/HEAD [6ms]
2024-02-03 19:43:29.132 [info] fatal: ref refs/remotes/origin/HEAD is not a symbolic ref
2024-02-03 19:43:29.185 [info] > git for-each-ref --format=%(refname)%00%(upstream:short)%00%(objectname)%00%(upstream:track)%00%(upstream:remotename)%00%(upstream:remoteref) refs/heads/main [3ms]
2024-02-03 19:43:29.201 [info] > git config --local branch.main.vscode-merge-base [2ms]
2024-02-03 19:43:29.201 [warning] git config failed: Failed to execute git
2024-02-03 19:43:29.215 [info] > git reflog refs/heads/main --grep-reflog=branch: Created from *. [6ms]
2024-02-03 19:43:29.227 [info] > git symbolic-ref --short refs/remotes/origin/HEAD [2ms]
2024-02-03 19:43:29.228 [info] fatal: ref refs/remotes/origin/HEAD is not a symbolic ref
